#
# There is insufficient memory for the Java Runtime Environment to continue.
# Native memory allocation (malloc) failed to allocate 1157336 bytes. Error detail: Chunk::new
# Possible reasons:
#   The system is out of physical RAM or swap space
#   This process is running with CompressedOops enabled, and the Java Heap may be blocking the growth of the native heap
# Possible solutions:
#   Reduce memory load on the system
#   Increase physical memory or swap space
#   Check if swap backing store is full
#   Decrease Java heap size (-Xmx/-Xms)
#   Decrease number of Java threads
#   Decrease Java thread stack sizes (-Xss)
#   Set larger code cache with -XX:ReservedCodeCacheSize=
#   JVM is running with Unscaled Compressed Oops mode in which the Java heap is
#     placed in the first 4GB address space. The Java Heap base address is the
#     maximum limit for the native heap growth. Please use -XX:HeapBaseMinAddress
#     to set the Java Heap base and to place the Java Heap above 4GB virtual address.
# This output file may be truncated or incomplete.
#
#  Out of Memory Error (arena.cpp:186), pid=16840, tid=15852
#
# JRE version: OpenJDK Runtime Environment Temurin-25.0.1+8 (25.0.1+8) (build 25.0.1+8-LTS)
# Java VM: OpenJDK 64-Bit Server VM Temurin-25.0.1+8 (25.0.1+8-LTS, mixed mode, sharing, tiered, compressed oops, compressed class ptrs, g1 gc, windows-amd64)
# No core dump will be written. Minidumps are not enabled by default on client versions of Windows
#

---------------  S U M M A R Y ------------

Command Line: -Xmx64m -Xms64m -Dorg.gradle.appname=gradlew C:\Users\alvar\Desktop\Proyectos KMP\sat-rfc-app\\gradle\wrapper\gradle-wrapper.jar build

Host: AMD Ryzen 7 8700G w/ Radeon 780M Graphics      , 16 cores, 31G,  Windows 11 , 64 bit Build 26100 (10.0.26100.4202)
Time: Sun Apr 19 18:55:19 2026 Hora estándar central (México) elapsed time: 1.366569 seconds (0d 0h 0m 1s)

---------------  T H R E A D  ---------------

Current thread (0x000001b26b5d9590):  JavaThread "C2 CompilerThread1" daemon [_thread_in_native, id=15852, stack(0x000000102e400000,0x000000102e500000) (1024K)]


Current CompileTask:
C2:1366  565 %     4       java.util.Properties::loadConvert @ 8 (540 bytes)

Stack: [0x000000102e400000,0x000000102e500000]
Native frames: (J=compiled Java code, j=interpreted, Vv=VM code, C=native code)
V  [jvm.dll+0x7a8379]  (no source info available)
V  [jvm.dll+0x7729fd]  (no source info available)
V  [jvm.dll+0x9f57b3]  (no source info available)
V  [jvm.dll+0x9f7da1]  (no source info available)
V  [jvm.dll+0x9f84a3]  (no source info available)
V  [jvm.dll+0x2fcd26]  (no source info available)
V  [jvm.dll+0x111086]  (no source info available)
V  [jvm.dll+0x1113ae]  (no source info available)
V  [jvm.dll+0x1a01a2]  (no source info available)
V  [jvm.dll+0x3b5e72]  (no source info available)
V  [jvm.dll+0x7adcec]  (no source info available)
V  [jvm.dll+0x2c0327]  (no source info available)
V  [jvm.dll+0x2bf2ef]  (no source info available)
V  [jvm.dll+0x237300]  (no source info available)
V  [jvm.dll+0x2cf386]  (no source info available)
V  [jvm.dll+0x2cd60a]  (no source info available)
V  [jvm.dll+0x48f64e]  (no source info available)
V  [jvm.dll+0x99630d]  (no source info available)
V  [jvm.dll+0x7a6955]  (no source info available)
C  [ucrtbase.dll+0x37b0]  (no source info available)
C  [KERNEL32.DLL+0x2e8d7]  (no source info available)
C  [ntdll.dll+0x3c34c]  (no source info available)

Lock stack of current Java thread (top to bottom):


---------------  P R O C E S S  ---------------

Threads class SMR info:
_java_thread_list=0x000001b26b5cef10, length=14, elements={
0x000001b24d9405f0, 0x000001b26b139820, 0x000001b26b139fe0, 0x000001b26b13bc40,
0x000001b26b13c800, 0x000001b26b1459e0, 0x000001b26b1466d0, 0x000001b26b147bd0,
0x000001b26b14e950, 0x000001b26b207240, 0x000001b26b20c220, 0x000001b26b5d9590,
0x000001b26b606c00, 0x000001b26b5f8730
}

Java Threads: ( => current thread )
  0x000001b24d9405f0 JavaThread "main"                              [_thread_in_vm, id=15480, stack(0x000000102cf00000,0x000000102d000000) (1024K)]
  0x000001b26b139820 JavaThread "Reference Handler"          daemon [_thread_blocked, id=15808, stack(0x000000102d700000,0x000000102d800000) (1024K)]
  0x000001b26b139fe0 JavaThread "Finalizer"                  daemon [_thread_blocked, id=6304, stack(0x000000102d800000,0x000000102d900000) (1024K)]
  0x000001b26b13bc40 JavaThread "Signal Dispatcher"          daemon [_thread_blocked, id=14460, stack(0x000000102d900000,0x000000102da00000) (1024K)]
  0x000001b26b13c800 JavaThread "Attach Listener"            daemon [_thread_blocked, id=16488, stack(0x000000102da00000,0x000000102db00000) (1024K)]
  0x000001b26b1459e0 JavaThread "Service Thread"             daemon [_thread_blocked, id=11828, stack(0x000000102db00000,0x000000102dc00000) (1024K)]
  0x000001b26b1466d0 JavaThread "Monitor Deflation Thread"   daemon [_thread_blocked, id=17028, stack(0x000000102dc00000,0x000000102dd00000) (1024K)]
  0x000001b26b147bd0 JavaThread "C2 CompilerThread0"         daemon [_thread_in_native, id=14900, stack(0x000000102dd00000,0x000000102de00000) (1024K)]
  0x000001b26b14e950 JavaThread "C1 CompilerThread0"         daemon [_thread_in_native, id=16428, stack(0x000000102de00000,0x000000102df00000) (1024K)]
  0x000001b26b207240 JavaThread "Notification Thread"        daemon [_thread_blocked, id=16156, stack(0x000000102df00000,0x000000102e000000) (1024K)]
  0x000001b26b20c220 JavaThread "Common-Cleaner"             daemon [_thread_blocked, id=17020, stack(0x000000102e000000,0x000000102e100000) (1024K)]
=>0x000001b26b5d9590 JavaThread "C2 CompilerThread1"         daemon [_thread_in_native, id=15852, stack(0x000000102e400000,0x000000102e500000) (1024K)]
  0x000001b26b606c00 JavaThread "C2 CompilerThread2"         daemon [_thread_in_vm, id=2984, stack(0x000000102e100000,0x000000102e200000) (1024K)]
  0x000001b26b5f8730 JavaThread "C2 CompilerThread3"         daemon [_thread_in_native, id=17164, stack(0x000000102e200000,0x000000102e300000) (1024K)]
Total: 14

Other Threads:
  0x000001b24fe66e80 VMThread "VM Thread"                           [id=13404, stack(0x000000102d600000,0x000000102d700000) (1024K)]
  0x000001b24fe54890 WatcherThread "VM Periodic Task Thread"        [id=14572, stack(0x000000102d500000,0x000000102d600000) (1024K)]
  0x000001b24fdcd580 WorkerThread "GC Thread#0"                     [id=15512, stack(0x000000102d000000,0x000000102d100000) (1024K)]
  0x000001b24fdcf250 ConcurrentGCThread "G1 Main Marker"            [id=16452, stack(0x000000102d100000,0x000000102d200000) (1024K)]
  0x000001b24fdcfdf0 WorkerThread "G1 Conc#0"                       [id=11832, stack(0x000000102d200000,0x000000102d300000) (1024K)]
  0x000001b24fe36070 ConcurrentGCThread "G1 Refine#0"               [id=7648, stack(0x000000102d300000,0x000000102d400000) (1024K)]
  0x000001b24fe36c80 ConcurrentGCThread "G1 Service"                [id=10116, stack(0x000000102d400000,0x000000102d500000) (1024K)]
Total: 7

Threads with active compile tasks:
C2 CompilerThread0  1551  613       4       java.util.HashSet::add (20 bytes)
C1 CompilerThread0  1551  643   !   3       java.nio.DirectByteBuffer::get (34 bytes)
C2 CompilerThread1  1551  565 %     4       java.util.Properties::loadConvert @ 8 (540 bytes)
C2 CompilerThread2  1551  623       4       java.io.File::hashCode (8 bytes)
C2 CompilerThread3  1551  641       4       java.util.HashMap::resize (356 bytes)
Total: 5

VM state: not at safepoint (normal execution)

VM Mutex/Monitor currently owned by a thread: None

Heap address: 0x00000000fc000000, size: 64 MB, Compressed Oops mode: 32-bit

CDS archive(s) mapped at: [0x0000000097000000-0x0000000097dd0000-0x0000000097dd0000), size 14483456, SharedBaseAddress: 0x0000000097000000, ArchiveRelocationMode: 1.
Compressed class space mapped at: 0x0000000098000000-0x00000000d8000000, reserved size: 1073741824
UseCompressedClassPointers 1, UseCompactObjectHeaders 0
Narrow klass pointer bits 32, Max shift 3
Narrow klass base: 0x0000000097000000, Narrow klass shift: 0
Encoding Range: [0x0000000097000000 - 0x0000000197000000), (4294967296 bytes)
Klass Range:    [0x0000000097010000 - 0x00000000d8000000), (1090453504 bytes)
Klass ID Range:  [65536 - 1090519033) (1090453497)
Protection zone: [0x0000000097000000 - 0x0000000097010000), (65536 bytes)

GC Precious Log:
 CardTable entry size: 512
 Card Set container configuration: InlinePtr #cards 5 size 8 Array Of Cards #cards 10 size 36 Howl #buckets 4 coarsen threshold 1843 Howl Bitmap #cards 512 size 80 coarsen threshold 460 Card regions per heap region 1 cards per card region 2048
 CPUs: 16 total, 16 available
 Memory: 31835M
 Large Page Support: Disabled
 NUMA Support: Disabled
 Compressed Oops: Enabled (32-bit)
 Heap Region Size: 1M
 Heap Min Capacity: 64M
 Heap Initial Capacity: 64M
 Heap Max Capacity: 64M
 Pre-touch: Disabled
 Parallel Workers: 13
 Concurrent Workers: 3
 Concurrent Refinement Workers: 13
 Periodic GC: Disabled

Heap:
 garbage-first heap   total reserved 65536K, committed 65536K, used 24723K [0x00000000fc000000, 0x0000000100000000)
  region size 1024K, 24 young (24576K), 0 survivors (0K)

Heap Regions: E=young(eden), S=young(survivor), O=old, HS=humongous(starts), HC=humongous(continues), CS=collection set, F=free, TAMS=top-at-mark-start, PB=parsable bottom
|   0|0x00000000fc000000, 0x00000000fc000000, 0x00000000fc100000|  0%| F|  |TAMS 0x00000000fc000000| PB 0x00000000fc000000| Untracked |  0
|   1|0x00000000fc100000, 0x00000000fc100000, 0x00000000fc200000|  0%| F|  |TAMS 0x00000000fc100000| PB 0x00000000fc100000| Untracked |  0
|   2|0x00000000fc200000, 0x00000000fc200000, 0x00000000fc300000|  0%| F|  |TAMS 0x00000000fc200000| PB 0x00000000fc200000| Untracked |  0
|   3|0x00000000fc300000, 0x00000000fc300000, 0x00000000fc400000|  0%| F|  |TAMS 0x00000000fc300000| PB 0x00000000fc300000| Untracked |  0
|   4|0x00000000fc400000, 0x00000000fc400000, 0x00000000fc500000|  0%| F|  |TAMS 0x00000000fc400000| PB 0x00000000fc400000| Untracked |  0
|   5|0x00000000fc500000, 0x00000000fc500000, 0x00000000fc600000|  0%| F|  |TAMS 0x00000000fc500000| PB 0x00000000fc500000| Untracked |  0
|   6|0x00000000fc600000, 0x00000000fc600000, 0x00000000fc700000|  0%| F|  |TAMS 0x00000000fc600000| PB 0x00000000fc600000| Untracked |  0
|   7|0x00000000fc700000, 0x00000000fc700000, 0x00000000fc800000|  0%| F|  |TAMS 0x00000000fc700000| PB 0x00000000fc700000| Untracked |  0
|   8|0x00000000fc800000, 0x00000000fc800000, 0x00000000fc900000|  0%| F|  |TAMS 0x00000000fc800000| PB 0x00000000fc800000| Untracked |  0
|   9|0x00000000fc900000, 0x00000000fc900000, 0x00000000fca00000|  0%| F|  |TAMS 0x00000000fc900000| PB 0x00000000fc900000| Untracked |  0
|  10|0x00000000fca00000, 0x00000000fca00000, 0x00000000fcb00000|  0%| F|  |TAMS 0x00000000fca00000| PB 0x00000000fca00000| Untracked |  0
|  11|0x00000000fcb00000, 0x00000000fcb00000, 0x00000000fcc00000|  0%| F|  |TAMS 0x00000000fcb00000| PB 0x00000000fcb00000| Untracked |  0
|  12|0x00000000fcc00000, 0x00000000fcc00000, 0x00000000fcd00000|  0%| F|  |TAMS 0x00000000fcc00000| PB 0x00000000fcc00000| Untracked |  0
|  13|0x00000000fcd00000, 0x00000000fcd00000, 0x00000000fce00000|  0%| F|  |TAMS 0x00000000fcd00000| PB 0x00000000fcd00000| Untracked |  0
|  14|0x00000000fce00000, 0x00000000fce00000, 0x00000000fcf00000|  0%| F|  |TAMS 0x00000000fce00000| PB 0x00000000fce00000| Untracked |  0
|  15|0x00000000fcf00000, 0x00000000fcf00000, 0x00000000fd000000|  0%| F|  |TAMS 0x00000000fcf00000| PB 0x00000000fcf00000| Untracked |  0
|  16|0x00000000fd000000, 0x00000000fd000000, 0x00000000fd100000|  0%| F|  |TAMS 0x00000000fd000000| PB 0x00000000fd000000| Untracked |  0
|  17|0x00000000fd100000, 0x00000000fd100000, 0x00000000fd200000|  0%| F|  |TAMS 0x00000000fd100000| PB 0x00000000fd100000| Untracked |  0
|  18|0x00000000fd200000, 0x00000000fd200000, 0x00000000fd300000|  0%| F|  |TAMS 0x00000000fd200000| PB 0x00000000fd200000| Untracked |  0
|  19|0x00000000fd300000, 0x00000000fd300000, 0x00000000fd400000|  0%| F|  |TAMS 0x00000000fd300000| PB 0x00000000fd300000| Untracked |  0
|  20|0x00000000fd400000, 0x00000000fd400000, 0x00000000fd500000|  0%| F|  |TAMS 0x00000000fd400000| PB 0x00000000fd400000| Untracked |  0
|  21|0x00000000fd500000, 0x00000000fd500000, 0x00000000fd600000|  0%| F|  |TAMS 0x00000000fd500000| PB 0x00000000fd500000| Untracked |  0
|  22|0x00000000fd600000, 0x00000000fd600000, 0x00000000fd700000|  0%| F|  |TAMS 0x00000000fd600000| PB 0x00000000fd600000| Untracked |  0
|  23|0x00000000fd700000, 0x00000000fd700000, 0x00000000fd800000|  0%| F|  |TAMS 0x00000000fd700000| PB 0x00000000fd700000| Untracked |  0
|  24|0x00000000fd800000, 0x00000000fd800000, 0x00000000fd900000|  0%| F|  |TAMS 0x00000000fd800000| PB 0x00000000fd800000| Untracked |  0
|  25|0x00000000fd900000, 0x00000000fd900000, 0x00000000fda00000|  0%| F|  |TAMS 0x00000000fd900000| PB 0x00000000fd900000| Untracked |  0
|  26|0x00000000fda00000, 0x00000000fda00000, 0x00000000fdb00000|  0%| F|  |TAMS 0x00000000fda00000| PB 0x00000000fda00000| Untracked |  0
|  27|0x00000000fdb00000, 0x00000000fdb00000, 0x00000000fdc00000|  0%| F|  |TAMS 0x00000000fdb00000| PB 0x00000000fdb00000| Untracked |  0
|  28|0x00000000fdc00000, 0x00000000fdc00000, 0x00000000fdd00000|  0%| F|  |TAMS 0x00000000fdc00000| PB 0x00000000fdc00000| Untracked |  0
|  29|0x00000000fdd00000, 0x00000000fdd00000, 0x00000000fde00000|  0%| F|  |TAMS 0x00000000fdd00000| PB 0x00000000fdd00000| Untracked |  0
|  30|0x00000000fde00000, 0x00000000fde00000, 0x00000000fdf00000|  0%| F|  |TAMS 0x00000000fde00000| PB 0x00000000fde00000| Untracked |  0
|  31|0x00000000fdf00000, 0x00000000fdf00000, 0x00000000fe000000|  0%| F|  |TAMS 0x00000000fdf00000| PB 0x00000000fdf00000| Untracked |  0
|  32|0x00000000fe000000, 0x00000000fe000000, 0x00000000fe100000|  0%| F|  |TAMS 0x00000000fe000000| PB 0x00000000fe000000| Untracked |  0
|  33|0x00000000fe100000, 0x00000000fe100000, 0x00000000fe200000|  0%| F|  |TAMS 0x00000000fe100000| PB 0x00000000fe100000| Untracked |  0
|  34|0x00000000fe200000, 0x00000000fe200000, 0x00000000fe300000|  0%| F|  |TAMS 0x00000000fe200000| PB 0x00000000fe200000| Untracked |  0
|  35|0x00000000fe300000, 0x00000000fe300000, 0x00000000fe400000|  0%| F|  |TAMS 0x00000000fe300000| PB 0x00000000fe300000| Untracked |  0
|  36|0x00000000fe400000, 0x00000000fe400000, 0x00000000fe500000|  0%| F|  |TAMS 0x00000000fe400000| PB 0x00000000fe400000| Untracked |  0
|  37|0x00000000fe500000, 0x00000000fe500000, 0x00000000fe600000|  0%| F|  |TAMS 0x00000000fe500000| PB 0x00000000fe500000| Untracked |  0
|  38|0x00000000fe600000, 0x00000000fe700000, 0x00000000fe700000|100%| E|  |TAMS 0x00000000fe600000| PB 0x00000000fe600000| Complete |  0
|  39|0x00000000fe700000, 0x00000000fe800000, 0x00000000fe800000|100%| E|CS|TAMS 0x00000000fe700000| PB 0x00000000fe700000| Complete |  0
|  40|0x00000000fe800000, 0x00000000fe900000, 0x00000000fe900000|100%| E|CS|TAMS 0x00000000fe800000| PB 0x00000000fe800000| Complete |  0
|  41|0x00000000fe900000, 0x00000000fea00000, 0x00000000fea00000|100%| E|CS|TAMS 0x00000000fe900000| PB 0x00000000fe900000| Complete |  0
|  42|0x00000000fea00000, 0x00000000feb00000, 0x00000000feb00000|100%| E|CS|TAMS 0x00000000fea00000| PB 0x00000000fea00000| Complete |  0
|  43|0x00000000feb00000, 0x00000000fec00000, 0x00000000fec00000|100%| E|CS|TAMS 0x00000000feb00000| PB 0x00000000feb00000| Complete |  0
|  44|0x00000000fec00000, 0x00000000fed00000, 0x00000000fed00000|100%| E|CS|TAMS 0x00000000fec00000| PB 0x00000000fec00000| Complete |  0
|  45|0x00000000fed00000, 0x00000000fee00000, 0x00000000fee00000|100%| E|CS|TAMS 0x00000000fed00000| PB 0x00000000fed00000| Complete |  0
|  46|0x00000000fee00000, 0x00000000fef00000, 0x00000000fef00000|100%| E|CS|TAMS 0x00000000fee00000| PB 0x00000000fee00000| Complete |  0
|  47|0x00000000fef00000, 0x00000000ff000000, 0x00000000ff000000|100%| E|CS|TAMS 0x00000000fef00000| PB 0x00000000fef00000| Complete |  0
|  48|0x00000000ff000000, 0x00000000ff100000, 0x00000000ff100000|100%| E|CS|TAMS 0x00000000ff000000| PB 0x00000000ff000000| Complete |  0
|  49|0x00000000ff100000, 0x00000000ff200000, 0x00000000ff200000|100%| E|CS|TAMS 0x00000000ff100000| PB 0x00000000ff100000| Complete |  0
|  50|0x00000000ff200000, 0x00000000ff300000, 0x00000000ff300000|100%| E|CS|TAMS 0x00000000ff200000| PB 0x00000000ff200000| Complete |  0
|  51|0x00000000ff300000, 0x00000000ff400000, 0x00000000ff400000|100%| E|CS|TAMS 0x00000000ff300000| PB 0x00000000ff300000| Complete |  0
|  52|0x00000000ff400000, 0x00000000ff500000, 0x00000000ff500000|100%| E|CS|TAMS 0x00000000ff400000| PB 0x00000000ff400000| Complete |  0
|  53|0x00000000ff500000, 0x00000000ff600000, 0x00000000ff600000|100%| E|CS|TAMS 0x00000000ff500000| PB 0x00000000ff500000| Complete |  0
|  54|0x00000000ff600000, 0x00000000ff700000, 0x00000000ff700000|100%| E|CS|TAMS 0x00000000ff600000| PB 0x00000000ff600000| Complete |  0
|  55|0x00000000ff700000, 0x00000000ff800000, 0x00000000ff800000|100%| E|CS|TAMS 0x00000000ff700000| PB 0x00000000ff700000| Complete |  0
|  56|0x00000000ff800000, 0x00000000ff900000, 0x00000000ff900000|100%| E|CS|TAMS 0x00000000ff800000| PB 0x00000000ff800000| Complete |  0
|  57|0x00000000ff900000, 0x00000000ffa00000, 0x00000000ffa00000|100%| E|CS|TAMS 0x00000000ff900000| PB 0x00000000ff900000| Complete |  0
|  58|0x00000000ffa00000, 0x00000000ffb00000, 0x00000000ffb00000|100%| E|CS|TAMS 0x00000000ffa00000| PB 0x00000000ffa00000| Complete |  0
|  59|0x00000000ffb00000, 0x00000000ffc00000, 0x00000000ffc00000|100%| E|CS|TAMS 0x00000000ffb00000| PB 0x00000000ffb00000| Complete |  0
|  60|0x00000000ffc00000, 0x00000000ffd00000, 0x00000000ffd00000|100%| E|CS|TAMS 0x00000000ffc00000| PB 0x00000000ffc00000| Complete |  0
|  61|0x00000000ffd00000, 0x00000000ffe00000, 0x00000000ffe00000|100%| E|CS|TAMS 0x00000000ffd00000| PB 0x00000000ffd00000| Complete |  0
|  62|0x00000000ffe00000, 0x00000000fff00000, 0x00000000fff00000|100%| O|  |TAMS 0x00000000ffe00000| PB 0x00000000ffe00000| Untracked |  0
|  63|0x00000000fff00000, 0x00000000fff24ea8, 0x0000000100000000| 14%| O|  |TAMS 0x00000000fff00000| PB 0x00000000fff00000| Untracked |  0

Card table byte_map: [0x000001b24fd10000,0x000001b24fd30000] _byte_map_base: 0x000001b24f530000

Marking Bits: (CMBitMap*) 0x000001b24fdcdd10
 Bits: [0x000001b268130000, 0x000001b268230000)

Polling page: 0x000001b24f580000

Metaspace:
Metaspace        used 1474K, committed 1600K, reserved 1114112K
 class space     used 103K, committed 128K, reserved 1048576K

Usage:
  Non-class:      1.34 MB used.
      Class:    103.12 KB used.
       Both:      1.44 MB used.

Virtual space:
  Non-class space:       64.00 MB reserved,       1.44 MB (  2%) committed,  1 nodes.
      Class space:        1.00 GB reserved,     128.00 KB ( <1%) committed,  1 nodes.
             Both:        1.06 GB reserved,       1.56 MB ( <1%) committed. 

Chunk freelists:
   Non-Class:  11.70 MB
       Class:  15.70 MB
        Both:  27.40 MB

MaxMetaspaceSize: unlimited
CompressedClassSpaceSize: 1.00 GB
Initial GC threshold: 21.00 MB
Current GC threshold: 21.00 MB
CDS: on
 - commit_granule_bytes: 65536.
 - commit_granule_words: 8192.
 - virtual_space_node_default_size: 8388608.
 - enlarge_chunks_in_place: 1.
UseCompressedClassPointers 1, UseCompactObjectHeaders 0
Narrow klass pointer bits 32, Max shift 3
Narrow klass base: 0x0000000097000000, Narrow klass shift: 0
Encoding Range: [0x0000000097000000 - 0x0000000197000000), (4294967296 bytes)
Klass Range:    [0x0000000097010000 - 0x00000000d8000000), (1090453504 bytes)
Klass ID Range:  [65536 - 1090519033) (1090453497)
Protection zone: [0x0000000097000000 - 0x0000000097010000), (65536 bytes)


Internal statistics:

num_allocs_failed_limit: 0.
num_arena_births: 24.
num_arena_deaths: 0.
num_vsnodes_births: 2.
num_vsnodes_deaths: 0.
num_space_committed: 25.
num_space_uncommitted: 0.
num_chunks_returned_to_freelist: 0.
num_chunks_taken_from_freelist: 49.
num_chunk_merges: 0.
num_chunk_splits: 32.
num_chunks_enlarged: 21.
num_inconsistent_stats: 0.

CodeHeap 'non-profiled nmethods': size=119232Kb used=185Kb max_used=185Kb free=119046Kb
 bounds [0x000001b260430000, 0x000001b2606a0000, 0x000001b2678a0000]
CodeHeap 'profiled nmethods': size=119104Kb used=798Kb max_used=798Kb free=118305Kb
 bounds [0x000001b2588a0000, 0x000001b258b10000, 0x000001b25fcf0000]
CodeHeap 'non-nmethods': size=7424Kb used=1426Kb max_used=3122Kb free=5997Kb
 bounds [0x000001b25fcf0000, 0x000001b260000000, 0x000001b260430000]
CodeCache: size=245760Kb, used=2409Kb, max_used=4105Kb, free=243348Kb
 total_blobs=1079, nmethods=644, adapters=335, full_count=0
Compilation: enabled, stopped_count=0, restarted_count=0

Compilation events (20 events):
Event: 0.217 Thread 0x000001b26b33f1d0 nmethod 560 0x000001b25894b708 code [0x000001b25894b800, 0x000001b25894b9d0]
Event: 0.217 Thread 0x000001b26b14e950 nmethod 559 0x000001b25894ba08 code [0x000001b25894bb00, 0x000001b25894bf38]
Event: 0.219 Thread 0x000001b26b362f90  562       3       java.io.InputStream::<init> (5 bytes)
Event: 0.219 Thread 0x000001b26b362f90 nmethod 562 0x000001b25894bf88 code [0x000001b25894c080, 0x000001b25894c1e0]
Event: 0.220 Thread 0x000001b26b14e950  563       3       java.util.HashSet::iterator (13 bytes)
Event: 0.221 Thread 0x000001b26b14e950 nmethod 563 0x000001b25894c288 code [0x000001b25894c380, 0x000001b25894c618]
Event: 0.221 Thread 0x000001b26b147bd0  564 %     4       java.util.Properties$LineReader::readLine @ 53 (584 bytes)
Event: 0.221 Thread 0x000001b26b5d9590  565 %     4       java.util.Properties::loadConvert @ 8 (540 bytes)
Event: 0.222 Thread 0x000001b26b362f90  567       3       java.util.LinkedHashMap::keySet (5 bytes)
Event: 0.222 Thread 0x000001b26b3637a0  568       3       java.util.LinkedHashMap::sequencedKeySet (31 bytes)
Event: 0.222 Thread 0x000001b26b14e950  569       3       java.util.LinkedHashMap$LinkedKeySet::iterator (16 bytes)
Event: 0.222 Thread 0x000001b26b33f1d0  570       3       java.util.LinkedHashMap$LinkedKeyIterator::<init> (14 bytes)
Event: 0.222 Thread 0x000001b26b362f90 nmethod 567 0x000001b25894c688 code [0x000001b25894c780, 0x000001b25894c8d0]
Event: 0.223 Thread 0x000001b26b14e950 nmethod 569 0x000001b25894c988 code [0x000001b25894ca80, 0x000001b25894cdf0]
Event: 0.223 Thread 0x000001b26b14e950  571       3       java.util.LinkedHashMap$LinkedHashIterator::<init> (52 bytes)
Event: 0.223 Thread 0x000001b26b33f1d0 nmethod 570 0x000001b25894ce08 code [0x000001b25894cf00, 0x000001b25894d198]
Event: 0.223 Thread 0x000001b26b3637a0 nmethod 568 0x000001b25894d208 code [0x000001b25894d300, 0x000001b25894d848]
Event: 0.223 Thread 0x000001b26b14e950 nmethod 571 0x000001b25894d888 code [0x000001b25894d980, 0x000001b25894dd80]
Event: 0.225 Thread 0x000001b26b33f1d0  574       3       java.lang.Character::isLowSurrogate (18 bytes)
Event: 0.225 Thread 0x000001b26b33f1d0 nmethod 574 0x000001b25894dd88 code [0x000001b25894de80, 0x000001b25894dfe8]

GC Heap Usage History (0 events):
No events

Metaspace Usage History (0 events):
No events

Dll operation events (5 events):
Event: 0.010 Loaded shared library C:\Program Files\Eclipse Adoptium\jdk-25.0.1.8-hotspot\bin\java.dll
Event: 0.044 Loaded shared library C:\Program Files\Eclipse Adoptium\jdk-25.0.1.8-hotspot\bin\net.dll
Event: 0.047 Loaded shared library C:\Program Files\Eclipse Adoptium\jdk-25.0.1.8-hotspot\bin\nio.dll
Event: 0.051 Loaded shared library C:\Program Files\Eclipse Adoptium\jdk-25.0.1.8-hotspot\bin\zip.dll
Event: 0.056 Loaded shared library C:\Program Files\Eclipse Adoptium\jdk-25.0.1.8-hotspot\bin\verify.dll

Deoptimization events (20 events):
Event: 0.157 Thread 0x000001b24d9405f0 DEOPT PACKING pc=0x000001b2589057f9 sp=0x000000102cffe9b0
Event: 0.157 Thread 0x000001b24d9405f0 DEOPT UNPACKING pc=0x000001b25fd412a2 sp=0x000000102cffde28 mode 0
Event: 0.161 Thread 0x000001b24d9405f0 DEOPT PACKING pc=0x000001b258905119 sp=0x000000102cffea20
Event: 0.161 Thread 0x000001b24d9405f0 DEOPT UNPACKING pc=0x000001b25fd412a2 sp=0x000000102cffde70 mode 0
Event: 0.172 Thread 0x000001b24d9405f0 DEOPT PACKING pc=0x000001b2588f37b1 sp=0x000000102cffe7f0
Event: 0.172 Thread 0x000001b24d9405f0 DEOPT UNPACKING pc=0x000001b25fd412a2 sp=0x000000102cffdcb8 mode 0
Event: 0.172 Thread 0x000001b24d9405f0 DEOPT PACKING pc=0x000001b2588f37b1 sp=0x000000102cffe770
Event: 0.172 Thread 0x000001b24d9405f0 DEOPT UNPACKING pc=0x000001b25fd412a2 sp=0x000000102cffdc38 mode 0
Event: 0.173 Thread 0x000001b24d9405f0 DEOPT PACKING pc=0x000001b2588f37b1 sp=0x000000102cffe7f0
Event: 0.173 Thread 0x000001b24d9405f0 DEOPT UNPACKING pc=0x000001b25fd412a2 sp=0x000000102cffdcb8 mode 0
Event: 0.174 Thread 0x000001b24d9405f0 DEOPT PACKING pc=0x000001b2588f37b1 sp=0x000000102cffe770
Event: 0.174 Thread 0x000001b24d9405f0 DEOPT UNPACKING pc=0x000001b25fd412a2 sp=0x000000102cffdc38 mode 0
Event: 0.175 Thread 0x000001b24d9405f0 DEOPT PACKING pc=0x000001b2588f37b1 sp=0x000000102cffe6d0
Event: 0.175 Thread 0x000001b24d9405f0 DEOPT UNPACKING pc=0x000001b25fd412a2 sp=0x000000102cffdb98 mode 0
Event: 0.175 Thread 0x000001b24d9405f0 DEOPT PACKING pc=0x000001b2588f37b1 sp=0x000000102cffe6d0
Event: 0.175 Thread 0x000001b24d9405f0 DEOPT UNPACKING pc=0x000001b25fd412a2 sp=0x000000102cffdb98 mode 0
Event: 0.185 Thread 0x000001b24d9405f0 Uncommon trap: trap_request=0xffffff45 fr.pc=0x000001b26043df14 relative=0x0000000000000094
Event: 0.185 Thread 0x000001b24d9405f0 Uncommon trap: reason=unstable_if action=reinterpret pc=0x000001b26043df14 method=java.util.regex.Pattern.append(II)V @ 9 c2
Event: 0.185 Thread 0x000001b24d9405f0 DEOPT PACKING pc=0x000001b26043df14 sp=0x000000102cffe5b0
Event: 0.185 Thread 0x000001b24d9405f0 DEOPT UNPACKING pc=0x000001b25fe1fe02 sp=0x000000102cffe540 mode 2

Classes loaded (20 events):
Event: 0.104 Loading class sun/nio/ch/FileLockTable$FileLockReference
Event: 0.104 Loading class sun/nio/ch/FileLockTable$FileLockReference done
Event: 0.115 Loading class java/util/StringTokenizer
Event: 0.115 Loading class java/util/StringTokenizer done
Event: 0.117 Loading class java/util/jar/JarFile$ThreadTrackHolder
Event: 0.117 Loading class java/util/jar/JarFile$ThreadTrackHolder done
Event: 0.117 Loading class jdk/internal/misc/ThreadTracker
Event: 0.117 Loading class jdk/internal/misc/ThreadTracker done
Event: 0.117 Loading class jdk/internal/misc/ThreadTracker$ThreadRef
Event: 0.117 Loading class jdk/internal/misc/ThreadTracker$ThreadRef done
Event: 0.117 Loading class sun/security/util/ManifestEntryVerifier
Event: 0.117 Loading class sun/security/util/ManifestEntryVerifier done
Event: 0.131 Loading class java/net/MalformedURLException
Event: 0.131 Loading class java/net/MalformedURLException done
Event: 0.132 Loading class java/io/FileFilter
Event: 0.132 Loading class java/io/FileFilter done
Event: 0.145 Loading class java/util/AbstractList$Itr
Event: 0.145 Loading class java/util/AbstractList$Itr done
Event: 0.155 Loading class java/lang/invoke/DirectMethodHandle$Special
Event: 0.155 Loading class java/lang/invoke/DirectMethodHandle$Special done

Classes unloaded (0 events):
No events

Classes redefined (0 events):
No events

Internal exceptions (4 events):
Event: 0.084 Thread 0x000001b24d9405f0 Exception <a 'java/lang/NoSuchMethodError'{0x00000000ffc9a808}: 'java.lang.Object java.lang.invoke.DirectMethodHandle$Holder.invokeStaticInit(java.lang.Object)'> (0x00000000ffc9a808) 
thrown [s\src\hotspot\share\interpreter\linkResolver.cpp, line 804]
Event: 0.118 Thread 0x000001b24d9405f0 Exception <a 'java/lang/NoSuchMethodError'{0x00000000ffa373a8}: 'void java.lang.invoke.DirectMethodHandle$Holder.invokeStatic(java.lang.Object, java.lang.Object)'> (0x00000000ffa373a8) 
thrown [s\src\hotspot\share\interpreter\linkResolver.cpp, line 804]
Event: 0.118 Thread 0x000001b24d9405f0 Exception <a 'java/lang/NoSuchMethodError'{0x00000000ffa3fa28}: 'void java.lang.invoke.DirectMethodHandle$Holder.invokeSpecial(java.lang.Object, java.lang.Object, java.lang.Object)'> (0x00000000ffa3fa28) 
thrown [s\src\hotspot\share\interpreter\linkResolver.cpp, line 804]
Event: 0.128 Thread 0x000001b24d9405f0 Exception <a 'java/lang/NoSuchMethodError'{0x00000000ffaa7500}: 'int java.lang.invoke.DirectMethodHandle$Holder.invokeStaticInit(java.lang.Object, java.lang.Object)'> (0x00000000ffaa7500) 
thrown [s\src\hotspot\share\interpreter\linkResolver.cpp, line 804]

VM Operations (0 events):
No events

Memory protections (0 events):
No events

Nmethod flushes (0 events):
No events

Events (15 events):
Event: 0.026 Thread 0x000001b24d9405f0 Thread added: 0x000001b24d9405f0
Event: 0.037 Thread 0x000001b24d9405f0 Thread added: 0x000001b26b139820
Event: 0.037 Thread 0x000001b24d9405f0 Thread added: 0x000001b26b139fe0
Event: 0.037 Thread 0x000001b24d9405f0 Thread added: 0x000001b26b13bc40
Event: 0.037 Thread 0x000001b24d9405f0 Thread added: 0x000001b26b13c800
Event: 0.037 Thread 0x000001b24d9405f0 Thread added: 0x000001b26b1459e0
Event: 0.037 Thread 0x000001b24d9405f0 Thread added: 0x000001b26b1466d0
Event: 0.037 Thread 0x000001b24d9405f0 Thread added: 0x000001b26b147bd0
Event: 0.038 Thread 0x000001b24d9405f0 Thread added: 0x000001b26b14e950
Event: 0.041 Thread 0x000001b24d9405f0 Thread added: 0x000001b26b207240
Event: 0.042 Thread 0x000001b24d9405f0 Thread added: 0x000001b26b20c220
Event: 0.100 Thread 0x000001b26b14e950 Thread added: 0x000001b26b33f1d0
Event: 0.112 Thread 0x000001b26b14e950 Thread added: 0x000001b26b362f90
Event: 0.113 Thread 0x000001b26b14e950 Thread added: 0x000001b26b3637a0
Event: 0.205 Thread 0x000001b26b362f90 Thread added: 0x000001b26b5d9590


Dynamic libraries:
0x00007ff6df2c0000 - 0x00007ff6df2ce000 	C:\Program Files\Eclipse Adoptium\jdk-25.0.1.8-hotspot\bin\java.exe
0x00007ffc72500000 - 0x00007ffc72765000 	C:\Windows\SYSTEM32\ntdll.dll
0x00007ffc71000000 - 0x00007ffc710c9000 	C:\Windows\System32\KERNEL32.DLL
0x00007ffc6f650000 - 0x00007ffc6fa38000 	C:\Windows\System32\KERNELBASE.dll
0x00007ffc6fcf0000 - 0x00007ffc6fe3b000 	C:\Windows\System32\ucrtbase.dll
0x00007ffc58300000 - 0x00007ffc5831e000 	C:\Program Files\Eclipse Adoptium\jdk-25.0.1.8-hotspot\bin\VCRUNTIME140.dll
0x00007ffc4da60000 - 0x00007ffc4da76000 	C:\Program Files\Eclipse Adoptium\jdk-25.0.1.8-hotspot\bin\jli.dll
0x00007ffc5c6e0000 - 0x00007ffc5c97a000 	C:\Windows\WinSxS\amd64_microsoft.windows.common-controls_6595b64144ccf1df_6.0.26100.4202_none_3e0698d4e335f517\COMCTL32.dll
0x00007ffc70b70000 - 0x00007ffc70c19000 	C:\Windows\System32\msvcrt.dll
0x00007ffc70b40000 - 0x00007ffc70b6b000 	C:\Windows\System32\GDI32.dll
0x00007ffc6fe40000 - 0x00007ffc6fe67000 	C:\Windows\System32\win32u.dll
0x00007ffc6faf0000 - 0x00007ffc6fc27000 	C:\Windows\System32\gdi32full.dll
0x00007ffc6fa40000 - 0x00007ffc6fae3000 	C:\Windows\System32\msvcp_win.dll
0x00007ffc705e0000 - 0x00007ffc707aa000 	C:\Windows\System32\USER32.dll
0x00007ffc72480000 - 0x00007ffc724b0000 	C:\Windows\System32\IMM32.DLL
0x00007ffc582f0000 - 0x00007ffc582fc000 	C:\Program Files\Eclipse Adoptium\jdk-25.0.1.8-hotspot\bin\vcruntime140_1.dll
0x00007ffc48b10000 - 0x00007ffc48b9d000 	C:\Program Files\Eclipse Adoptium\jdk-25.0.1.8-hotspot\bin\msvcp140.dll
0x00007ffb984d0000 - 0x00007ffb993f6000 	C:\Program Files\Eclipse Adoptium\jdk-25.0.1.8-hotspot\bin\server\jvm.dll
0x00007ffc70850000 - 0x00007ffc70903000 	C:\Windows\System32\ADVAPI32.dll
0x00007ffc703c0000 - 0x00007ffc70466000 	C:\Windows\System32\sechost.dll
0x00007ffc71330000 - 0x00007ffc71445000 	C:\Windows\System32\RPCRT4.dll
0x00007ffc71640000 - 0x00007ffc716b4000 	C:\Windows\System32\WS2_32.dll
0x00007ffc6eeb0000 - 0x00007ffc6ef0e000 	C:\Windows\SYSTEM32\POWRPROF.dll
0x00007ffc683c0000 - 0x00007ffc683cb000 	C:\Windows\SYSTEM32\VERSION.dll
0x00007ffc63710000 - 0x00007ffc63745000 	C:\Windows\SYSTEM32\WINMM.dll
0x00007ffc6ee90000 - 0x00007ffc6eea4000 	C:\Windows\SYSTEM32\UMPDC.dll
0x00007ffc6e3d0000 - 0x00007ffc6e3eb000 	C:\Windows\SYSTEM32\kernel.appcore.dll
0x00007ffc4da50000 - 0x00007ffc4da5a000 	C:\Program Files\Eclipse Adoptium\jdk-25.0.1.8-hotspot\bin\jimage.dll
0x00007ffc66c80000 - 0x00007ffc66ec1000 	C:\Windows\SYSTEM32\DBGHELP.DLL
0x00007ffc70c20000 - 0x00007ffc70fa5000 	C:\Windows\System32\combase.dll
0x00007ffc71730000 - 0x00007ffc71811000 	C:\Windows\System32\OLEAUT32.dll
0x00007ffc5f160000 - 0x00007ffc5f199000 	C:\Windows\SYSTEM32\dbgcore.DLL
0x00007ffc70170000 - 0x00007ffc70209000 	C:\Windows\System32\bcryptPrimitives.dll
0x00007ffc48af0000 - 0x00007ffc48b0e000 	C:\Program Files\Eclipse Adoptium\jdk-25.0.1.8-hotspot\bin\java.dll
0x00007ffc710f0000 - 0x00007ffc7128e000 	C:\Windows\System32\ole32.dll
0x00007ffc71d30000 - 0x00007ffc72472000 	C:\Windows\System32\SHELL32.dll
0x00007ffc6fe70000 - 0x00007ffc6ffe4000 	C:\Windows\System32\wintypes.dll
0x00007ffc6d290000 - 0x00007ffc6dae8000 	C:\Windows\SYSTEM32\windows.storage.dll
0x00007ffc70a10000 - 0x00007ffc70b01000 	C:\Windows\System32\SHCORE.dll
0x00007ffc716c0000 - 0x00007ffc7172a000 	C:\Windows\System32\shlwapi.dll
0x00007ffc6f560000 - 0x00007ffc6f58f000 	C:\Windows\SYSTEM32\profapi.dll
0x00007ffc48ad0000 - 0x00007ffc48ae1000 	C:\Program Files\Eclipse Adoptium\jdk-25.0.1.8-hotspot\bin\net.dll
0x00007ffc6e920000 - 0x00007ffc6e98a000 	C:\Windows\system32\mswsock.dll
0x00007ffc48ab0000 - 0x00007ffc48ac6000 	C:\Program Files\Eclipse Adoptium\jdk-25.0.1.8-hotspot\bin\nio.dll
0x00007ffc48a90000 - 0x00007ffc48aa7000 	C:\Program Files\Eclipse Adoptium\jdk-25.0.1.8-hotspot\bin\zip.dll
0x00007ffc4da40000 - 0x00007ffc4da50000 	C:\Program Files\Eclipse Adoptium\jdk-25.0.1.8-hotspot\bin\verify.dll

JVMTI agents: none

dbghelp: loaded successfully - version: 4.0.5 - missing functions: none
symbol engine: initialized successfully - sym options: 0x614 - pdb path: .;C:\Program Files\Eclipse Adoptium\jdk-25.0.1.8-hotspot\bin;C:\Windows\SYSTEM32;C:\Windows\WinSxS\amd64_microsoft.windows.common-controls_6595b64144ccf1df_6.0.26100.4202_none_3e0698d4e335f517;C:\Program Files\Eclipse Adoptium\jdk-25.0.1.8-hotspot\bin\server

VM Arguments:
jvm_args: -Xmx64m -Xms64m -Dorg.gradle.appname=gradlew 
java_command: C:\Users\alvar\Desktop\Proyectos KMP\sat-rfc-app\\gradle\wrapper\gradle-wrapper.jar build
java_class_path (initial): C:\Users\alvar\Desktop\Proyectos KMP\sat-rfc-app\\gradle\wrapper\gradle-wrapper.jar
Launcher Type: SUN_STANDARD

[Global flags]
     intx CICompilerCount                          = 12                                        {product} {ergonomic}
     uint ConcGCThreads                            = 3                                         {product} {ergonomic}
     uint G1ConcRefinementThreads                  = 13                                        {product} {ergonomic}
   size_t G1HeapRegionSize                         = 1048576                                   {product} {ergonomic}
   size_t InitialHeapSize                          = 67108864                                  {product} {command line}
   size_t MarkStackSize                            = 4194304                                   {product} {ergonomic}
   size_t MarkStackSizeMax                         = 536870912                                 {product} {ergonomic}
   size_t MaxHeapSize                              = 67108864                                  {product} {command line}
   size_t MaxNewSize                               = 39845888                                  {product} {ergonomic}
   size_t MinHeapDeltaBytes                        = 1048576                                   {product} {ergonomic}
   size_t MinHeapSize                              = 67108864                                  {product} {command line}
    uintx NonNMethodCodeHeapSize                   = 7602176                                {pd product} {ergonomic}
    uintx NonProfiledCodeHeapSize                  = 122093568                              {pd product} {ergonomic}
    uintx ProfiledCodeHeapSize                     = 121962496                              {pd product} {ergonomic}
    uintx ReservedCodeCacheSize                    = 251658240                              {pd product} {ergonomic}
     bool SegmentedCodeCache                       = true                                      {product} {ergonomic}
   size_t SoftMaxHeapSize                          = 67108864                               {manageable} {ergonomic}
     bool UseCompressedOops                        = true                           {product lp64_product} {ergonomic}
     bool UseG1GC                                  = true                                      {product} {ergonomic}
     bool UseLargePagesIndividualAllocation        = false                                  {pd product} {ergonomic}

Logging:
Log output configuration:
 #0: stdout all=warning uptime,level,tags foldmultilines=false
 #1: stderr all=off uptime,level,tags foldmultilines=false

Release file:
IMPLEMENTOR="Eclipse Adoptium" 
IMPLEMENTOR_VERSION="Temurin-25.0.1+8" 
JAVA_RUNTIME_VERSION="25.0.1+8-LTS" 
JAVA_VERSION="25.0.1" 
JAVA_VERSION_DATE="2025-10-21" 
LIBC="default" 
MODULES="java.base java.compiler java.datatransfer java.xml java.prefs java.desktop java.instrument java.logging java.management java.security.sasl java.naming java.rmi java.management.rmi java.net.http java.scripting java.security.jgss java.transaction.xa java.sql java.sql.rowset java.xml.crypto java.se java.smartcardio jdk.accessibility jdk.internal.jvmstat jdk.attach jdk.charsets jdk.internal.opt jdk.zipfs jdk.compiler jdk.crypto.cryptoki jdk.crypto.ec jdk.crypto.mscapi jdk.dynalink jdk.internal.ed jdk.editpad jdk.internal.vm.ci jdk.graal.compiler jdk.graal.compiler.management jdk.hotspot.agent jdk.httpserver jdk.incubator.vector jdk.internal.le jdk.internal.md jdk.jartool jdk.javadoc jdk.jcmd jdk.management jdk.management.agent jdk.jconsole jdk.jdeps jdk.jdwp.agent jdk.jdi jdk.jfr jdk.jlink jdk.jpackage jdk.jshell jdk.jsobject jdk.jstatd jdk.localedata jdk.management.jfr jdk.naming.dns jdk.naming.rmi jdk.net jdk.nio.mapmode jdk.sctp jdk.security.auth jdk.security.jgss jdk.unsupported jdk.unsupported.desktop jdk.xml.dom" 
OS_ARCH="x86_64" 
OS_NAME="Windows" 
SOURCE=".:git:61d6a2c1b35e" 
BUILD_SOURCE="git:839fa0b45d809157cffd3dc8515aad262a4a1776"
BUILD_SOURCE_REPO="https://github.com/adoptium/temurin-build.git"
SOURCE_REPO="https://github.com/adoptium/jdk25u.git"
FULL_VERSION="25.0.1+8-LTS"
SEMANTIC_VERSION="25.0.1+8"
BUILD_INFO="OS: Windows Server 2022 Version: 10.0"
JVM_VARIANT="Hotspot"
JVM_VERSION="25.0.1+8-LTS"
IMAGE_TYPE="JDK"

Environment Variables:
PATH=C:\Program Files\Eclipse Adoptium\jdk-25.0.1.8-hotspot\bin;C:\Windows\system32;C:\Windows;C:\Windows\System32\Wbem;C:\Windows\System32\WindowsPowerShell\v1.0\;C:\Windows\System32\OpenSSH\;C:\Program Files\Git\cmd;C:\Users\alvar\AppData\Local\Programs\Python\Python313\Scripts\;C:\Users\alvar\AppData\Local\Programs\Python\Python313\;C:\Users\alvar\AppData\Local\Microsoft\WindowsApps;C:\Users\alvar\AppData\Local\Programs\Microsoft VS Code\bin;C:\Users\alvar\AppData\Local\Programs\Antigravity\bin;C:\Program Files\JetBrains\IntelliJ IDEA 2025.3.2\bin
USERNAME=alvar
OS=Windows_NT
PROCESSOR_IDENTIFIER=AMD64 Family 25 Model 117 Stepping 2, AuthenticAMD
TMP=C:\Users\alvar\AppData\Local\Temp
TEMP=C:\Users\alvar\AppData\Local\Temp




Compilation memory statistics disabled.

Periodic native trim disabled

---------------  S Y S T E M  ---------------

OS:
 Windows 11 , 64 bit Build 26100 (10.0.26100.4202)
OS uptime: 0 days 2:32 hours
Hyper-V role detected

CPU: total 16 (initial active 16) (16 cores per cpu, 2 threads per core) family 25 model 117 stepping 2 microcode 0xa705206, cx8, cmov, fxsr, ht, mmx, 3dnowpref, sse, sse2, sse3, ssse3, sse4a, sse4.1, sse4.2, popcnt, lzcnt, tsc, tscinvbit, avx, avx2, aes, erms, clmul, bmi1, bmi2, adx, avx512f, avx512dq, avx512cd, avx512bw, avx512vl, sha, fma, vzeroupper, avx512_vpopcntdq, avx512_vpclmulqdq, avx512_vaes, avx512_vnni, clflush, clflushopt, clwb, avx512_vbmi2, avx512_vbmi, hv, rdtscp, rdpid, fsrm, gfni, avx512_bitalg, f16c, cet_ss, avx512_ifma
Processor Information for the first 16 processors :
  Max Mhz: 4200, Current Mhz: 4200, Mhz Limit: 4200

Memory: 4k page, system-wide physical 31835M (909M free)
TotalPageFile size 31835M (AvailPageFile size 502M)
current process WorkingSet (physical memory assigned to process): 71M, peak: 72M
current process commit charge ("private bytes"): 162M, peak: 163M

vm_info: OpenJDK 64-Bit Server VM (25.0.1+8-LTS) for windows-amd64 JRE (25.0.1+8-LTS), built on 2025-10-21T00:00:00Z with unknown MS VC++:1942

END.
